 obs_sequence
obs_type_definitions
           3
           2 EVAL_TEMPERATURE               
           4 EVAL_U_WIND_COMPONENT          
           5 EVAL_V_WIND_COMPONENT          
  num_copies:            1  num_qc:            1
  num_obs:            9  max_num_obs:            9
observation                                                     
Data QC                                                         
  first:            1  last:            9
 OBS            1
   273.000000000000     
  0.000000000000000E+000
          -1           2          -1
obdef
loc3d
     4.712388980384690       -0.7853981633974483         10.00000000000000      3
kind
           2
 43200     148682
   4.00000000000000     
 OBS            2
  -50.0000000000000     
  0.000000000000000E+000
           1           3          -1
obdef
loc3d
     0.000000000000000        0.1745329251994329         99800.00000000000      2
kind
           4
 23400     148683
   16.0000000000000     
 OBS            3
 -3.061616997868383E-015
  0.000000000000000E+000
           2           4          -1
obdef
loc3d
     0.000000000000000        0.1745329251994329         99800.00000000000      2
kind
           5
 23400     148683
   16.0000000000000     
 OBS            4
 -6.123233995736766E-015
  0.000000000000000E+000
           3           5          -1
obdef
loc3d
    0.1745329251994329        0.6981317007977318         99800.00000000000      2
kind
           4
 23400     148683
   16.0000000000000     
 OBS            5
   50.0000000000000     
  0.000000000000000E+000
           4           6          -1
obdef
loc3d
    0.1745329251994329        0.6981317007977318         99800.00000000000      2
kind
           5
 23400     148683
   16.0000000000000     
 OBS            6
   50.0000000000000     
  0.000000000000000E+000
           5           7          -1
obdef
loc3d
     4.537856055185257       -0.6981317007977318         99800.00000000000      2
kind
           4
 23400     148683
   16.0000000000000     
 OBS            7
  9.184850993605149E-015
  0.000000000000000E+000
           6           8          -1
obdef
loc3d
     4.537856055185257       -0.6981317007977318         99800.00000000000      2
kind
           5
 23400     148683
   16.0000000000000     
 OBS            8
  1.224646799147353E-014
  0.000000000000000E+000
           7           9          -1
obdef
loc3d
     6.108652381980153         1.047197551196598         99800.00000000000      2
kind
           4
 23400     148683
   16.0000000000000     
 OBS            9
  -50.0000000000000     
  0.000000000000000E+000
           8          -1          -1
obdef
loc3d
     6.108652381980153         1.047197551196598         99800.00000000000      2
kind
           5
 23400     148683
   16.0000000000000     
